TN:
SF:src/modules/hash/services/CreateHashService.ts
FN:18,(anonymous_18)
FN:19,CreateHashService
FN:24,(anonymous_20)
FNF:3
FNH:3
FNDA:2,(anonymous_18)
FNDA:3,CreateHashService
FNDA:2,(anonymous_20)
DA:1,2
DA:2,2
DA:5,2
DA:18,2
DA:21,3
DA:24,2
DA:25,2
DA:27,2
DA:29,2
DA:34,2
DA:36,2
DA:38,2
LF:12
LH:12
BRDA:25,0,0,2
BRF:1
BRH:1
end_of_record
TN:
SF:src/modules/hash/services/InsertPlay2Service.ts
FN:20,(anonymous_18)
FN:21,InsertPlay2Service
FN:26,(anonymous_20)
FNF:3
FNH:3
FNDA:1,(anonymous_18)
FNDA:2,InsertPlay2Service
FNDA:2,(anonymous_20)
DA:1,1
DA:2,1
DA:4,1
DA:5,1
DA:20,1
DA:23,2
DA:26,2
DA:27,2
DA:29,2
DA:30,1
DA:33,1
DA:35,1
DA:37,1
DA:39,1
DA:44,1
DA:46,1
DA:48,1
LF:17
LH:17
BRDA:27,0,0,2
BRDA:29,1,0,1
BRDA:29,1,1,1
BRF:3
BRH:3
end_of_record
TN:
SF:src/modules/hash/services/MakePlayService.ts
FN:15,(anonymous_18)
FN:16,MakePlayService
FN:21,(anonymous_20)
FN:37,(anonymous_23)
FN:62,(anonymous_24)
FN:64,(anonymous_25)
FN:68,(anonymous_26)
FN:72,(anonymous_27)
FNF:8
FNH:8
FNDA:1,(anonymous_18)
FNDA:6,MakePlayService
FNDA:19,(anonymous_20)
FNDA:24,(anonymous_23)
FNDA:35,(anonymous_24)
FNDA:8,(anonymous_25)
FNDA:104,(anonymous_26)
FNDA:152,(anonymous_27)
DA:1,1
DA:3,1
DA:15,1
DA:18,6
DA:21,1
DA:22,19
DA:23,19
DA:24,19
DA:25,19
DA:27,19
DA:29,19
DA:30,1
DA:33,18
DA:34,1
DA:37,24
DA:39,17
DA:40,1
DA:43,16
DA:45,16
DA:46,2
DA:49,14
DA:51,14
DA:62,35
DA:64,14
DA:68,14
DA:69,312
DA:71,104
DA:73,152
DA:78,104
DA:79,2
DA:81,2
DA:84,102
DA:87,14
DA:88,2
DA:89,2
DA:92,14
DA:94,1
DA:96,1
LF:38
LH:38
BRDA:27,0,0,19
BRDA:29,1,0,1
BRDA:29,1,1,18
BRDA:33,2,0,1
BRDA:33,2,1,17
BRDA:39,3,0,1
BRDA:39,3,1,16
BRDA:45,4,0,2
BRDA:45,4,1,14
BRDA:45,5,0,16
BRDA:45,5,1,11
BRDA:45,5,2,10
BRDA:73,6,0,152
BRDA:73,6,1,120
BRDA:73,6,2,102
BRDA:78,7,0,2
BRDA:78,7,1,102
BRDA:87,8,0,2
BRDA:87,8,1,12
BRF:19
BRH:19
end_of_record
TN:
SF:src/modules/hash/services/ShowHashService.ts
FN:17,(anonymous_20)
FN:18,ShowHashService
FN:23,(anonymous_22)
FNF:3
FNH:3
FNDA:1,(anonymous_20)
FNDA:2,ShowHashService
FNDA:2,(anonymous_22)
DA:1,1
DA:3,1
DA:17,1
DA:20,2
DA:23,2
DA:24,2
DA:26,2
DA:27,1
DA:30,1
DA:32,1
DA:34,1
LF:11
LH:11
BRDA:24,0,0,2
BRDA:26,1,0,1
BRDA:26,1,1,1
BRF:3
BRH:3
end_of_record
