TN:
SF:src/modules/hash/services/CreateHashService.ts
FN:18,(anonymous_18)
FN:19,CreateHashService
FN:24,(anonymous_20)
FNF:3
FNH:3
FNDA:1,(anonymous_18)
FNDA:3,CreateHashService
FNDA:3,(anonymous_20)
DA:1,1
DA:2,1
DA:5,1
DA:18,1
DA:21,3
DA:24,3
DA:25,3
DA:27,3
DA:29,3
DA:34,3
DA:36,1
DA:38,1
LF:12
LH:12
BRDA:25,0,0,3
BRF:1
BRH:1
end_of_record
TN:
SF:src/modules/hash/services/InsertPlay2Service.ts
FN:20,(anonymous_18)
FN:21,InsertPlay2Service
FN:26,(anonymous_20)
FNF:3
FNH:3
FNDA:1,(anonymous_18)
FNDA:1,InsertPlay2Service
FNDA:1,(anonymous_20)
DA:1,1
DA:2,1
DA:4,1
DA:5,1
DA:20,1
DA:23,1
DA:26,1
DA:27,1
DA:29,1
DA:30,0
DA:33,1
DA:35,1
DA:37,1
DA:39,1
DA:44,1
DA:46,1
DA:48,1
LF:17
LH:16
BRDA:27,0,0,1
BRDA:29,1,0,0
BRDA:29,1,1,1
BRF:3
BRH:2
end_of_record
TN:
SF:src/modules/hash/services/MoveService.ts
FN:15,(anonymous_18)
FN:16,MoveService
FN:21,(anonymous_20)
FN:37,(anonymous_23)
FN:62,(anonymous_24)
FN:64,(anonymous_25)
FN:68,(anonymous_26)
FN:72,(anonymous_27)
FNF:8
FNH:1
FNDA:1,(anonymous_18)
FNDA:0,MoveService
FNDA:0,(anonymous_20)
FNDA:0,(anonymous_23)
FNDA:0,(anonymous_24)
FNDA:0,(anonymous_25)
FNDA:0,(anonymous_26)
FNDA:0,(anonymous_27)
DA:1,1
DA:3,1
DA:15,1
DA:18,0
DA:21,1
DA:22,0
DA:23,0
DA:24,0
DA:25,0
DA:27,0
DA:29,0
DA:30,0
DA:33,0
DA:34,0
DA:37,0
DA:39,0
DA:40,0
DA:43,0
DA:45,0
DA:46,0
DA:49,0
DA:51,0
DA:62,0
DA:64,0
DA:68,0
DA:69,0
DA:71,0
DA:73,0
DA:78,0
DA:79,0
DA:81,0
DA:84,0
DA:87,0
DA:88,0
DA:89,0
DA:92,0
DA:94,1
DA:96,1
LF:38
LH:6
BRDA:27,0,0,0
BRDA:29,1,0,0
BRDA:29,1,1,0
BRDA:33,2,0,0
BRDA:33,2,1,0
BRDA:39,3,0,0
BRDA:39,3,1,0
BRDA:45,4,0,0
BRDA:45,4,1,0
BRDA:45,5,0,0
BRDA:45,5,1,0
BRDA:45,5,2,0
BRDA:73,6,0,0
BRDA:73,6,1,0
BRDA:73,6,2,0
BRDA:78,7,0,0
BRDA:78,7,1,0
BRDA:87,8,0,0
BRDA:87,8,1,0
BRF:19
BRH:0
end_of_record
TN:
SF:src/modules/hash/services/ShowHashService.ts
FN:17,(anonymous_20)
FN:18,ShowHashService
FN:23,(anonymous_22)
FNF:3
FNH:1
FNDA:1,(anonymous_20)
FNDA:0,ShowHashService
FNDA:0,(anonymous_22)
DA:1,1
DA:3,1
DA:17,1
DA:20,0
DA:23,1
DA:24,0
DA:26,0
DA:27,0
DA:30,0
DA:32,1
DA:34,1
LF:11
LH:6
BRDA:24,0,0,0
BRDA:26,1,0,0
BRDA:26,1,1,0
BRF:3
BRH:0
end_of_record
